Arguments: 
  C:\Program Files\nodejs\node.exe C:\Users\Mogaka.dev\AppData\Roaming\npm\node_modules\yarn\bin\yarn.js add -D eslint-config-nando

PATH: 
  C:\Users\Mogaka.dev\AppData\Local\npm-cache\_npx\1473c34f88f57bf3\node_modules\.bin;C:\Users\Mogaka.dev\Desktop\Mobile Dev\todoassistant.mobile\node_modules\.bin;C:\Users\Mogaka.dev\Desktop\Mobile Dev\node_modules\.bin;C:\Users\Mogaka.dev\Desktop\node_modules\.bin;C:\Users\Mogaka.dev\node_modules\.bin;C:\Users\node_modules\.bin;C:\node_modules\.bin;C:\Users\Mogaka.dev\AppData\Roaming\npm\node_modules\npm\node_modules\@npmcli\run-script\lib\node-gyp-bin;C:\Windows\system32;C:\Windows;C:\Windows\System32\Wbem;C:\Windows\System32\WindowsPowerShell\v1.0\;C:\Windows\System32\OpenSSH\;C:\Program Files\nodejs\;C:\Program Files\Amazon\AWSCLIV2\;C:\ProgramData\chocolatey\bin;C:\Program Files (x86)\HP\IdrsOCR_15.4.1203.0\;C:\Program Files\Docker\Docker\resources\bin;C:\ProgramData\DockerDesktop\version-bin;C:\Program Files\OpenJDK\openjdk-11.0.16_8\bin;C:\Program Files (x86)\Google\Cloud SDK\google-cloud-sdk\bin;C:\Program Files\GitHub CLI\;C:\Users\Mogaka.dev\AppData\Local\pnpm;C:\platform-tools;C:\Users\Mogaka.dev\AppData\Local\Programs\Python\Python37\;C:\Users\Mogaka.dev\AppData\Local\Microsoft\WindowsApps;C:\Users\Mogaka.dev\AppData\Roaming\npm;C:\Program Files\PostgreSQL\14\bin;C:\Program Files\Git\bin;C:\Program Files\Git\cmd;C:\Users\Mogaka.dev\AppData\Local\pnpm;C:\Users\Mogaka.dev\AppData\Local\nvs\;C:\Users\Mogaka.dev\AppData\Local\Programs\Microsoft VS Code Insiders\bin;C:\Users\Mogaka.dev\AppData\Local\Programs\Julia-1.8.2\bin;C:\Program Files\JetBrains\CLion 2022.2.4\bin

Yarn version: 
  1.22.19

Node version: 
  16.16.0

Platform: 
  win32 x64

Trace: 
  Error: connect ECONNABORTED 104.16.26.35:443
      at TCPConnectWrap.afterConnect [as oncomplete] (node:net:1187:16)

npm manifest: 
  {
    "name": "ticked",
    "version": "1.0.0",
    "main": "node_modules/expo/AppEntry.js",
    "scripts": {
      "start": "expo start",
      "android": "expo start --android",
      "ios": "expo start --ios",
      "web": "expo start --web",
      "lint": "eslint ."
    },
    "eslintConfig": {
      "extends": "universe/native"
    },
    "dependencies": {
      "@react-native-community/clipboard": "^1.5.1",
      "@react-native-community/datetimepicker": "6.5.2",
      "@react-navigation/bottom-tabs": "^6.4.0",
      "@react-navigation/native": "^6.0.13",
      "@react-navigation/native-stack": "^6.9.1",
      "@reduxjs/toolkit": "^1.9.0",
      "@twotalltotems/react-native-otp-input": "^1.3.11",
      "@types/react-native": "~0.70.6",
      "expo": "~47.0.6",
      "expo-checkbox": "~2.2.2",
      "expo-image-picker": "~14.0.1",
      "expo-status-bar": "~1.4.2",
      "react": "18.1.0",
      "react-native": "0.70.5",
      "react-native-bouncy-checkbox": "^3.0.6",
      "react-native-heroicons": "^3.2.0",
      "react-native-pager-view": "6.0.1",
      "react-native-safe-area-context": "4.4.1",
      "react-native-screens": "~3.18.0",
      "react-native-svg": "^13.6.0",
      "react-native-vector-icons": "^9.2.0",
      "react-redux": "^8.0.5",
      "typescript": "^4.6.3"
    },
    "devDependencies": {
      "@babel/core": "^7.12.9",
      "@typescript-eslint/eslint-plugin": "^5.44.0",
      "@typescript-eslint/parser": "^5.44.0",
      "eslint": "^8.28.0",
      "eslint-config-universe": "^11.1.1",
      "prettier": "^2.7.1"
    },
    "private": true
  }

yarn manifest: 
  No manifest

Lockfile: 
  No lockfile
